<?xml version="1.0" encoding="UTF-8"?>
<testsuite xmlns:xsi="http://www.w3.org/2001/XMLSchema-instance" xsi:noNamespaceSchemaLocation="https://maven.apache.org/surefire/maven-surefire-plugin/xsd/surefire-test-report-3.0.xsd" version="3.0" name="com.example.hr_system.HrSystemApplicationTests" time="11.212" tests="1" errors="0" skipped="0" failures="0">
  <properties>
[...]
</properties>
  <testcase name="contextLoads" classname="com.example.hr_system.HrSystemApplicationTests" time="0.56">
    <system-out><![CDATA[Standard Commons Logging discovery in action with spring-jcl: please remove commons-logging.jar from classpath in order to avoid potential conflicts
15:13:34.327 [main] INFO org.springframework.test.context.support.AnnotationConfigContextLoaderUtils -- Could not detect default configuration classes for test class [com.example.hr_system.HrSystemApplicationTests]: HrSystemApplicationTests does not declare any static, non-private, non-final, nested classes annotated with @Configuration.
15:13:34.476 [main] INFO org.springframework.boot.test.context.SpringBootTestContextBootstrapper -- Found @SpringBootConfiguration com.example.hr_system.HrSystemApplication for test class com.example.hr_system.HrSystemApplicationTests

  .   ____          _            __ _ _
 /\\ / ___'_ __ _ _(_)_ __  __ _ \ \ \ \
( ( )\___ | '_ | '_| | '_ \/ _` | \ \ \ \
 \\/  ___)| |_)| | | | | || (_| |  ) ) ) )
  '  |____| .__|_| |_|_| |_\__, | / / / /
 =========|_|==============|___/=/_/_/_/
 :: Spring Boot ::                (v3.1.1)

2023-08-11T15:13:35.007+06:00  INFO 6560 --- [           main] c.e.hr_system.HrSystemApplicationTests   : Starting HrSystemApplicationTests using Java 17.0.7 with PID 6560 (started by bambook in /Users/bambook/Desktop/deploy/hr_system_back)
2023-08-11T15:13:35.010+06:00  INFO 6560 --- [           main] c.e.hr_system.HrSystemApplicationTests   : No active profile set, falling back to 1 default profile: "default"
2023-08-11T15:13:36.217+06:00  INFO 6560 --- [           main] .s.d.r.c.RepositoryConfigurationDelegate : Bootstrapping Spring Data JPA repositories in DEFAULT mode.
2023-08-11T15:13:36.360+06:00  INFO 6560 --- [           main] .s.d.r.c.RepositoryConfigurationDelegate : Finished Spring Data repository scanning in 134 ms. Found 12 JPA repository interfaces.
2023-08-11T15:13:37.160+06:00  INFO 6560 --- [           main] o.f.c.internal.license.VersionPrinter    : Flyway Community Edition 9.16.3 by Redgate
2023-08-11T15:13:37.160+06:00  INFO 6560 --- [           main] o.f.c.internal.license.VersionPrinter    : See release notes here: https://rd.gt/416ObMi
2023-08-11T15:13:37.160+06:00  INFO 6560 --- [           main] o.f.c.internal.license.VersionPrinter    : 
2023-08-11T15:13:37.171+06:00  INFO 6560 --- [           main] com.zaxxer.hikari.HikariDataSource       : postgres - Starting...
2023-08-11T15:13:37.480+06:00  INFO 6560 --- [           main] com.zaxxer.hikari.pool.HikariPool        : postgres - Added connection org.postgresql.jdbc.PgConnection@3de79067
2023-08-11T15:13:37.482+06:00  INFO 6560 --- [           main] com.zaxxer.hikari.HikariDataSource       : postgres - Start completed.
2023-08-11T15:13:37.502+06:00  INFO 6560 --- [           main] o.f.c.i.database.base.BaseDatabaseType   : Database: jdbc:postgresql://localhost:5432/hr_system (PostgreSQL 15.3)
2023-08-11T15:13:37.543+06:00  INFO 6560 --- [           main] o.f.core.internal.command.DbValidate     : Successfully validated 33 migrations (execution time 00:00.021s)
2023-08-11T15:13:37.603+06:00  INFO 6560 --- [           main] o.f.core.internal.command.DbMigrate      : Current version of schema "public": 32
2023-08-11T15:13:37.604+06:00 ERROR 6560 --- [           main] o.f.core.internal.command.DbMigrate      : Schema "public" has version 32, but no migration could be resolved in the configured locations !
2023-08-11T15:13:37.604+06:00  INFO 6560 --- [           main] o.f.core.internal.command.DbMigrate      : Schema "public" is up to date. No migration necessary.
2023-08-11T15:13:37.724+06:00  INFO 6560 --- [           main] o.hibernate.jpa.internal.util.LogHelper  : HHH000204: Processing PersistenceUnitInfo [name: default]
2023-08-11T15:13:37.791+06:00  INFO 6560 --- [           main] org.hibernate.Version                    : HHH000412: Hibernate ORM core version 6.2.5.Final
2023-08-11T15:13:37.795+06:00  INFO 6560 --- [           main] org.hibernate.cfg.Environment            : HHH000406: Using bytecode reflection optimizer
2023-08-11T15:13:37.984+06:00  INFO 6560 --- [           main] o.h.b.i.BytecodeProviderInitiator        : HHH000021: Bytecode provider name : bytebuddy
2023-08-11T15:13:38.144+06:00  INFO 6560 --- [           main] o.s.o.j.p.SpringPersistenceUnitInfo      : No LoadTimeWeaver setup: ignoring JPA class transformer
2023-08-11T15:13:38.600+06:00  INFO 6560 --- [           main] o.h.b.i.BytecodeProviderInitiator        : HHH000021: Bytecode provider name : bytebuddy
2023-08-11T15:13:39.753+06:00  INFO 6560 --- [           main] o.h.e.t.j.p.i.JtaPlatformInitiator       : HHH000490: Using JtaPlatform implementation: [org.hibernate.engine.transaction.jta.platform.internal.NoJtaPlatform]
Hibernate: alter table if exists categories_vacancies drop constraint if exists FKvvmk0brsaqyoek0abib74xic
Hibernate: alter table if exists categories_vacancies drop constraint if exists FKe6ctc5s7k20pugqu4uf4evrqu
Hibernate: alter table if exists employer drop constraint if exists FK158jc9a0inkmw2dytohqw5tia
Hibernate: alter table if exists employer_favorites drop constraint if exists FK9dy3syjvkojvkex5gfvxrrqjk
Hibernate: alter table if exists employer_favorites drop constraint if exists FKdo81iey0sh0ovscx5h5b4ef5c
Hibernate: alter table if exists job_seeker_table drop constraint if exists FKccskwyyx8lxlm7jitdw3n0mk4
Hibernate: alter table if exists job_seeker_table drop constraint if exists FKjoo09mvqldikrn35lqau03eff
Hibernate: alter table if exists job_seeker_table drop constraint if exists FKs6dexyfft2oi1o1goa0j0pr7h
Hibernate: alter table if exists job_seeker_table_vacancies drop constraint if exists FKm6k1lx1bxj6wy2ktpiet80obf
Hibernate: alter table if exists job_seeker_table_vacancies drop constraint if exists FK44lghaylk6s85kv7u62fk09tu
Hibernate: alter table if exists notification drop constraint if exists FKecvhknu5hyp07f3yh8poq618a
Hibernate: alter table if exists position drop constraint if exists FK5ldqv9mghmop1efnpqdm4j4rh
Hibernate: alter table if exists token drop constraint if exists FKfqwpt67padn81jdnsa5e8qlh6
Hibernate: alter table if exists users_table drop constraint if exists FKsm1hxi4uhbi4v6o6w00fr5opf
Hibernate: alter table if exists users_table drop constraint if exists FKoirnb6ic7xd01mqjhq7gio94i
Hibernate: alter table if exists vacancies drop constraint if exists FKp60ht8jhtjutdgmhs9c6lg4ya
Hibernate: alter table if exists vacancies drop constraint if exists FK2hy77i9hkv6hntcqogfkwadys
Hibernate: alter table if exists vacancies drop constraint if exists FKq070b22i1hcvhgk0wlyvqat8d
Hibernate: alter table if exists vacancies drop constraint if exists FK91glmxi5pf42pf3dxehacwsci
Hibernate: alter table if exists vacancies drop constraint if exists FK4wp7dfvu0l04i8sinprqhofxg
Hibernate: alter table if exists vacancies_job_seekers drop constraint if exists FKgj502hlg7gi1kb86lpsk61erg
Hibernate: alter table if exists vacancies_job_seekers drop constraint if exists FKt6179hiq5n5rm4p57ovgei6wc
Hibernate: drop table if exists categories cascade
Hibernate: drop table if exists categories_vacancies cascade
Hibernate: drop table if exists contact_information cascade
Hibernate: drop table if exists employer cascade
Hibernate: drop table if exists employer_favorites cascade
Hibernate: drop table if exists experience cascade
Hibernate: drop table if exists file_data cascade
Hibernate: drop table if exists job_seeker_table cascade
Hibernate: drop table if exists job_seeker_table_vacancies cascade
Hibernate: drop table if exists notification cascade
Hibernate: drop table if exists position cascade
Hibernate: drop table if exists salaries cascade
Hibernate: drop table if exists token cascade
Hibernate: drop table if exists users_table cascade
Hibernate: drop table if exists vacancies cascade
Hibernate: drop table if exists vacancies_job_seekers cascade
Hibernate: drop sequence if exists token_seq
Hibernate: create sequence token_seq start with 1 increment by 50
Hibernate: create table categories (id bigserial not null, name varchar(255), primary key (id))
Hibernate: create table categories_vacancies (category_id bigint not null, vacancies_id bigint not null unique)
Hibernate: create table contact_information (id bigserial not null, city varchar(255), country varchar(255), street_house varchar(255), primary key (id))
Hibernate: create table employer (id bigserial not null, resume_id bigint unique, about_company varchar(255), address varchar(255), city varchar(255), company_name varchar(255), country varchar(255), email varchar(255), password varchar(255), phone_number varchar(255), primary key (id))
Hibernate: create table employer_favorites (employers_id bigint not null, favorites_id bigint not null)
Hibernate: create table experience (id bigserial not null, name varchar(255), primary key (id))
Hibernate: create table file_data (id bigserial not null, name varchar(255), path varchar(255), type varchar(255), image_data bytea, primary key (id))
Hibernate: create table job_seeker_table (birthday date, education smallint check (education between 0 and 5), graduation_date date, month smallint check (month between 0 and 11), until_now boolean not null, year date, experience_id bigint, id bigserial not null, is_favorite bigint, position_id bigint, resume_id bigint unique, user_application_date timestamp(6), about varchar(255), address varchar(255), city varchar(255), country varchar(255), email varchar(255), firstname varchar(255), institution varchar(255), lastname varchar(255), password varchar(255), phone_number varchar(255), rol varchar(255) check (rol in ('ADMIN','JOB_SEEKER','EMPLOYER')), skills varchar(255), status_of_job_seeker varchar(255) check (status_of_job_seeker in ('NULL','ACCEPT','REJECT','CONSIDERED','AN_INTERVIEW','OFFER')), working_place varchar(255), primary key (id))
Hibernate: create table job_seeker_table_vacancies (job_seeker_id bigint not null, vacancies_id bigint not null)
Hibernate: create table notification (id bigserial not null, user_id bigint, content varchar(255), primary key (id))
Hibernate: create table position (category_id bigint, id bigserial not null, name varchar(255), primary key (id))
Hibernate: create table salaries (salary_sum float(53) not null, salary_type smallint check (salary_type between 0 and 2), valute smallint check (valute between 0 and 5), id bigserial not null, primary key (id))
Hibernate: create table token (expired boolean not null, revoked boolean not null, id bigint not null, user_id bigint, token varchar(255) unique, token_type varchar(255) check (token_type in ('BEARER')), primary key (id))
Hibernate: create table users_table (employer_id bigint unique, id bigserial not null, job_seeker_id bigint unique, email varchar(255), firstname varchar(255), image varchar(255), lastname varchar(255), password varchar(255), role varchar(255) check (role in ('ADMIN','JOB_SEEKER','EMPLOYER')), primary key (id))
Hibernate: create table vacancies (is_response boolean, response integer, contact_information_id bigint unique, creation_date timestamp(6), employer_id bigint, id bigserial not null, position_id bigint, resume_id bigint unique, salary_id bigint unique, about_company varchar(3000), additional_information varchar(255), description varchar(3000), experience varchar(255), industry varchar(255), skills varchar(255), status_of_vacancy varchar(255) check (status_of_vacancy in ('OPEN','ARCHIVE','CLOSED')), type_of_employments varchar(255) check (type_of_employments in ('POLNIY_RABOCHIY_DEN','NEPOLNIY_RABOCHIY_DEYN','UDALENNAYA_RABOTA')), primary key (id))
Hibernate: create table vacancies_job_seekers (job_seekers_id bigint not null, vacancy_id bigint not null)
Hibernate: alter table if exists categories_vacancies add constraint FKvvmk0brsaqyoek0abib74xic foreign key (vacancies_id) references vacancies
Hibernate: alter table if exists categories_vacancies add constraint FKe6ctc5s7k20pugqu4uf4evrqu foreign key (category_id) references categories
Hibernate: alter table if exists employer add constraint FK158jc9a0inkmw2dytohqw5tia foreign key (resume_id) references file_data
Hibernate: alter table if exists employer_favorites add constraint FK9dy3syjvkojvkex5gfvxrrqjk foreign key (favorites_id) references job_seeker_table
Hibernate: alter table if exists employer_favorites add constraint FKdo81iey0sh0ovscx5h5b4ef5c foreign key (employers_id) references employer
Hibernate: alter table if exists job_seeker_table add constraint FKccskwyyx8lxlm7jitdw3n0mk4 foreign key (experience_id) references experience
Hibernate: alter table if exists job_seeker_table add constraint FKjoo09mvqldikrn35lqau03eff foreign key (position_id) references position
Hibernate: alter table if exists job_seeker_table add constraint FKs6dexyfft2oi1o1goa0j0pr7h foreign key (resume_id) references file_data
Hibernate: alter table if exists job_seeker_table_vacancies add constraint FKm6k1lx1bxj6wy2ktpiet80obf foreign key (vacancies_id) references vacancies
Hibernate: alter table if exists job_seeker_table_vacancies add constraint FK44lghaylk6s85kv7u62fk09tu foreign key (job_seeker_id) references job_seeker_table
Hibernate: alter table if exists notification add constraint FKecvhknu5hyp07f3yh8poq618a foreign key (user_id) references users_table
Hibernate: alter table if exists position add constraint FK5ldqv9mghmop1efnpqdm4j4rh foreign key (category_id) references categories
Hibernate: alter table if exists token add constraint FKfqwpt67padn81jdnsa5e8qlh6 foreign key (user_id) references users_table
Hibernate: alter table if exists users_table add constraint FKsm1hxi4uhbi4v6o6w00fr5opf foreign key (employer_id) references employer
Hibernate: alter table if exists users_table add constraint FKoirnb6ic7xd01mqjhq7gio94i foreign key (job_seeker_id) references job_seeker_table
Hibernate: alter table if exists vacancies add constraint FKp60ht8jhtjutdgmhs9c6lg4ya foreign key (contact_information_id) references contact_information
Hibernate: alter table if exists vacancies add constraint FK2hy77i9hkv6hntcqogfkwadys foreign key (employer_id) references employer
Hibernate: alter table if exists vacancies add constraint FKq070b22i1hcvhgk0wlyvqat8d foreign key (position_id) references position
Hibernate: alter table if exists vacancies add constraint FK91glmxi5pf42pf3dxehacwsci foreign key (resume_id) references file_data
Hibernate: alter table if exists vacancies add constraint FK4wp7dfvu0l04i8sinprqhofxg foreign key (salary_id) references salaries
Hibernate: alter table if exists vacancies_job_seekers add constraint FKgj502hlg7gi1kb86lpsk61erg foreign key (job_seekers_id) references job_seeker_table
Hibernate: alter table if exists vacancies_job_seekers add constraint FKt6179hiq5n5rm4p57ovgei6wc foreign key (vacancy_id) references vacancies
2023-08-11T15:13:39.974+06:00  INFO 6560 --- [           main] j.LocalContainerEntityManagerFactoryBean : Initialized JPA EntityManagerFactory for persistence unit 'default'
2023-08-11T15:13:40.476+06:00  INFO 6560 --- [           main] o.s.d.j.r.query.QueryEnhancerFactory     : Hibernate is in classpath; If applicable, HQL parser will be used.
2023-08-11T15:13:42.993+06:00  WARN 6560 --- [           main] JpaBaseConfiguration$JpaWebConfiguration : spring.jpa.open-in-view is enabled by default. Therefore, database queries may be performed during view rendering. Explicitly configure spring.jpa.open-in-view to disable this warning
2023-08-11T15:13:44.259+06:00  INFO 6560 --- [           main] o.s.s.web.DefaultSecurityFilterChain     : Will secure any request with [org.springframework.security.web.session.DisableEncodeUrlFilter@8966f7, org.springframework.security.web.context.request.async.WebAsyncManagerIntegrationFilter@2cf3882d, org.springframework.security.web.context.SecurityContextHolderFilter@25c8d646, org.springframework.security.web.header.HeaderWriterFilter@671f78b4, org.springframework.security.web.authentication.logout.LogoutFilter@6622a1d0, com.example.hr_system.config.JwtAuthenticationFilter$$SpringCGLIB$$0@1234d9f6, org.springframework.security.web.savedrequest.RequestCacheAwareFilter@4782e182, org.springframework.security.web.servletapi.SecurityContextHolderAwareRequestFilter@58c2a890, org.springframework.security.web.authentication.AnonymousAuthenticationFilter@27330f99, org.springframework.security.web.session.SessionManagementFilter@4da6fd47, org.springframework.security.web.access.ExceptionTranslationFilter@78c95c22, org.springframework.security.web.access.intercept.AuthorizationFilter@255130e3]
2023-08-11T15:13:44.745+06:00  INFO 6560 --- [           main] c.e.hr_system.HrSystemApplicationTests   : Started HrSystemApplicationTests in 10.074 seconds (process running for 11.374)
]]></system-out>
  </testcase>
</testsuite>